20-10-2022 12:06:44	This log contains information about the import schema operation into project 'Database' on computer 'DESKTOP-P74EPR6' by user 'themi'.
20-10-2022 12:06:45	Import of database schema has started.
20-10-2022 12:06:49	Gathering database credentials
20-10-2022 12:06:49	Gathering database options
20-10-2022 12:06:49	Gathering generic database scoped configuration option
20-10-2022 12:06:49	Gathering users
20-10-2022 12:06:49	Gathering roles
20-10-2022 12:06:49	Gathering application roles
20-10-2022 12:06:49	Gathering role memberships
20-10-2022 12:06:49	Gathering filegroups
20-10-2022 12:06:49	Gathering full-text catalogs
20-10-2022 12:06:49	Gathering assemblies
20-10-2022 12:06:49	Gathering certificates
20-10-2022 12:06:49	Gathering asymmetric keys
20-10-2022 12:06:49	Gathering symmetric keys
20-10-2022 12:06:49	Gathering encrypted symmetric keys
20-10-2022 12:06:49	Gathering schemas
20-10-2022 12:06:49	Gathering XML schema collections
20-10-2022 12:06:49	Gathering user-defined data types
20-10-2022 12:06:49	Gathering user-defined types
20-10-2022 12:06:49	Gathering table types
20-10-2022 12:06:49	Gathering unique keys for table types
20-10-2022 12:06:49	Gathering primary keys for table types
20-10-2022 12:06:49	Gathering indexes for table types
20-10-2022 12:06:49	Gathering check constraints for table types
20-10-2022 12:06:49	Gathering default constraints for table types
20-10-2022 12:06:49	Gathering partition functions
20-10-2022 12:06:49	Gathering partition schemes
20-10-2022 12:06:49	Gathering functions
20-10-2022 12:06:49	Gathering encrypted functions
20-10-2022 12:06:49	Gathering aggregates
20-10-2022 12:06:49	Gathering procedures
20-10-2022 12:06:49	Gathering encrypted procedures
20-10-2022 12:06:49	Gathering tables
20-10-2022 12:06:49	Gathering primary keys
20-10-2022 12:06:49	Gathering unique constraints
20-10-2022 12:06:49	Gathering foreign keys
20-10-2022 12:06:49	Gathering default constraints
20-10-2022 12:06:49	Gathering check constraints
20-10-2022 12:06:49	Gathering views
20-10-2022 12:06:49	Gathering encrypted views
20-10-2022 12:06:49	Gathering indexes
20-10-2022 12:06:49	Gathering statistics
20-10-2022 12:06:49	Gathering full-text index stoplists
20-10-2022 12:06:49	Gathering search property lists
20-10-2022 12:06:49	Gathering search properties
20-10-2022 12:06:49	Gathering full-text indexes
20-10-2022 12:06:49	Gathering column store indexes
20-10-2022 12:06:49	Gathering spatial indexes
20-10-2022 12:06:49	Gathering XML indexes
20-10-2022 12:06:49	Gathering Selective XML indexes
20-10-2022 12:06:49	Gathering encrypted triggers
20-10-2022 12:06:49	Gathering triggers
20-10-2022 12:06:49	Gathering encrypted and clr ddl triggers
20-10-2022 12:06:49	Gathering ddl triggers
20-10-2022 12:06:49	Creating edge constraints
20-10-2022 12:06:49	Gathering synonyms
20-10-2022 12:06:49	Gathering defaults
20-10-2022 12:06:49	Gathering data constraint uddt bindings
20-10-2022 12:06:49	Gathering rules
20-10-2022 12:06:49	Gathering data constraint uddt bindings
20-10-2022 12:06:49	Gathering message types
20-10-2022 12:06:49	Gathering queues
20-10-2022 12:06:49	Gathering contracts
20-10-2022 12:06:49	Gathering services
20-10-2022 12:06:49	Gathering event notifications
20-10-2022 12:06:49	Gathering remote service bindings
20-10-2022 12:06:49	Gathering broker priorities
20-10-2022 12:06:49	Gathering signatures
20-10-2022 12:06:49	Gathering data compression options
20-10-2022 12:06:49	Gathering sequence types
20-10-2022 12:06:49	Gathering security policies
20-10-2022 12:06:49	Gather column encryption keys
20-10-2022 12:06:49	Gathering column master keys
20-10-2022 12:06:49	Gathering external data sources
20-10-2022 12:06:49	Gathering external file formats
20-10-2022 12:06:49	Gathering external tables
20-10-2022 12:06:49	Gathering extended properties
20-10-2022 12:06:50	Gathering assemblies
20-10-2022 12:06:50	Gathering credentials
20-10-2022 12:06:50	Gathering logins
20-10-2022 12:06:50	Gathering server audits
20-10-2022 12:06:51	Finished importing database.
20-10-2022 12:06:51	A summary of the import was saved to the following location: C:\Users\themi\OneDrive\Skrivebord\Github Afgangsprojekt\afgangsprojekt\Database\Import Schema Logs\Database_20221020100644.log
20-10-2022 12:06:51	Click Finish to continue...
